<?xml version="1.0" encoding="UTF-8"?>
<!-- Generated by org.testng.reporters.JUnitXMLReporter -->
<testsuite ignored="0" hostname="MSI" failures="0" tests="3" name="Test" time="11.682" errors="0" timestamp="2025-04-09T19:26:11 IST">
  <testcase classname="com.pwiddy.generic.Baseclass" name="openBrowser" time="3.393"/>
  <testcase classname="com.pwiddy.testscript.searchrestaurant" name="restaurant" time="5.03"/>
  <testcase classname="com.pwiddy.generic.Baseclass" name="openBrowser" time="3.196"/>
</testsuite> <!-- Test -->
