<?xml version="1.0" encoding="UTF-8"?>
<testng-results ignored="0" total="3" passed="3" failed="0" skipped="0">
  <reporter-output>
  </reporter-output>
  <suite started-at="2025-04-09T19:25:59 IST" name="Suite" finished-at="2025-04-09T19:26:11 IST" duration-ms="11682">
    <groups>
    </groups>
    <test started-at="2025-04-09T19:25:59 IST" name="Test" finished-at="2025-04-09T19:26:11 IST" duration-ms="11682">
      <class name="com.pwiddy.generic.Baseclass">
        <test-method signature="openBrowser()[pri:0, instance:com.pwiddy.generic.Baseclass@402c4085]" started-at="2025-04-09T19:26:08 IST" name="openBrowser" finished-at="2025-04-09T19:26:11 IST" duration-ms="3196" status="PASS">
          <reporter-output>
          </reporter-output>
        </test-method> <!-- openBrowser -->
      </class> <!-- com.pwiddy.generic.Baseclass -->
      <class name="com.pwiddy.testscript.searchrestaurant">
        <test-method signature="openBrowser()[pri:0, instance:com.pwiddy.testscript.searchrestaurant@72035809]" started-at="2025-04-09T19:25:59 IST" name="openBrowser" finished-at="2025-04-09T19:26:03 IST" duration-ms="3393" status="PASS">
          <reporter-output>
          </reporter-output>
        </test-method> <!-- openBrowser -->
        <test-method signature="restaurant()[pri:0, instance:com.pwiddy.testscript.searchrestaurant@72035809]" started-at="2025-04-09T19:26:03 IST" name="restaurant" finished-at="2025-04-09T19:26:08 IST" duration-ms="5030" status="PASS">
          <reporter-output>
          </reporter-output>
        </test-method> <!-- restaurant -->
      </class> <!-- com.pwiddy.testscript.searchrestaurant -->
    </test> <!-- Test -->
  </suite> <!-- Suite -->
</testng-results>
