<?xml version="1.0" encoding="UTF-8"?>
<testng-results ignored="0" total="2" passed="2" failed="0" skipped="0">
  <reporter-output>
  </reporter-output>
  <suite started-at="2025-04-14T23:08:35 IST" name="Default suite" finished-at="2025-04-14T23:08:43 IST" duration-ms="7593">
    <groups>
    </groups>
    <test started-at="2025-04-14T23:08:35 IST" name="Default test" finished-at="2025-04-14T23:08:43 IST" duration-ms="7593">
      <class name="com.pwiddy.testscript.orderwithoutaddress">
        <test-method signature="openBrowser()[pri:0, instance:com.pwiddy.testscript.orderwithoutaddress@72035809]" started-at="2025-04-14T23:08:35 IST" name="openBrowser" finished-at="2025-04-14T23:08:39 IST" duration-ms="3462" status="PASS">
          <reporter-output>
          </reporter-output>
        </test-method> <!-- openBrowser -->
        <test-method signature="withoutaddress()[pri:0, instance:com.pwiddy.testscript.orderwithoutaddress@72035809]" started-at="2025-04-14T23:08:39 IST" name="withoutaddress" finished-at="2025-04-14T23:08:43 IST" duration-ms="4075" status="PASS">
          <reporter-output>
          </reporter-output>
        </test-method> <!-- withoutaddress -->
      </class> <!-- com.pwiddy.testscript.orderwithoutaddress -->
    </test> <!-- Default test -->
  </suite> <!-- Default suite -->
</testng-results>
